<!DOCTYPE html PUBLIC "-//W3C//DTD XHTML 1.1//EN" "http://www.w3.org/TR/xhtml11/DTD/xhtml11.dtd">
<html xmlns="http://www.w3.org/1999/xhtml"><head><title>TestNG Report</title><style type="text/css">table {margin-bottom:10px;border-collapse:collapse;empty-cells:show}th,td {border:1px solid #009;padding:.25em .5em}th {vertical-align:bottom}td {vertical-align:top}table a {font-weight:bold}.stripe td {background-color: #E6EBF9}.num {text-align:right}.passedodd td {background-color: #3F3}.passedeven td {background-color: #0A0}.skippedodd td {background-color: #DDD}.skippedeven td {background-color: #CCC}.failedodd td,.attn {background-color: #F33}.failedeven td,.stripe .attn {background-color: #D00}.stacktrace {white-space:pre;font-family:monospace}.totop {font-size:85%;text-align:center;border-bottom:2px solid #000}</style></head><body><table><tr><th>Test</th><th># Passed</th><th># Skipped</th><th># Failed</th><th>Time (ms)</th><th>Included Groups</th><th>Excluded Groups</th></tr><tr><th colspan="7">cod_extract_test</th></tr><tr><td><a href="#t0">post_initial_extract_test</a></td><td class="num">0</td><td class="num">0</td><td class="num attn">1</td><td class="num">1,499</td><td></td><td></td></tr></table><table><thead><tr><th>Class</th><th>Method</th><th>Start</th><th>Time (ms)</th></tr></thead><tbody><tr><th colspan="4">cod_extract_test</th></tr></tbody><tbody id="t0"><tr><th colspan="4">post_initial_extract_test &#8212; failed</th></tr><tr class="failedeven"><td rowspan="1">cod.extract.test.scripts.DBTests</td><td><a href="#m0">feature</a></td><td rowspan="1">1515345070430</td><td rowspan="1">538</td></tr></tbody></table><h2>post_initial_extract_test</h2><h3 id="m0">cod.extract.test.scripts.DBTests#feature</h3><table class="result"><tr class="param"><th>Parameter #1</th></tr><tr class="param stripe"><td>Organisation Extract_Load DB test feature</td></tr><tr><th>Exception</th></tr><tr><td><div class="stacktrace">cucumber.runtime.CucumberException: java.lang.AssertionError: Expected organisation records of type 1337 but none found expected [true] but found [false]
	at cucumber.api.testng.TestNGCucumberRunner.runCucumber(TestNGCucumberRunner.java:69)
	at cucumber.api.testng.AbstractTestNGCucumberTests.feature(AbstractTestNGCucumberTests.java:21)
Caused by: java.lang.AssertionError: Expected organisation records of type 1337 but none found expected [true] but found [false]
	at stepdefinition.DBTest.the_database_contains_record_types(DBTest.java:75)
	at âœ½.Then the database contains &quot;Pharmacy-YP&quot; record types(src/test/java/features/DBTest.feature:28)
... Removed 28 stack frames</div></td></tr></table><p class="totop"><a href="#summary">back to summary</a></p></body></html>