<?xml version="1.0" encoding="UTF-8"?>
<!-- Generated by org.testng.reporters.JUnitXMLReporter -->
<testsuite hostname="stephens-MacBook-Air.local" ignored="0" name="post_initial_extract_test" tests="1" failures="1" timestamp="07 Jan 2018 17:11:11 GMT" time="1.499" errors="0">
  <testcase name="feature" time="0.538" classname="cucumber.api.testng.AbstractTestNGCucumberTests">
    <failure type="cucumber.runtime.CucumberException" message="java.lang.AssertionError: Expected organisation records of type 1337 but none found expected [true] but found [false]">
      <![CDATA[cucumber.runtime.CucumberException: java.lang.AssertionError: Expected organisation records of type 1337 but none found expected [true] but found [false]
	at cucumber.api.testng.TestNGCucumberRunner.runCucumber(TestNGCucumberRunner.java:69)
	at cucumber.api.testng.AbstractTestNGCucumberTests.feature(AbstractTestNGCucumberTests.java:21)
Caused by: java.lang.AssertionError: Expected organisation records of type 1337 but none found expected [true] but found [false]
	at stepdefinition.DBTest.the_database_contains_record_types(DBTest.java:75)
	at âœ½.Then the database contains "Pharmacy-YP" record types(src/test/java/features/DBTest.feature:28)
... Removed 28 stack frames]]>
    </failure>
  </testcase> <!-- feature -->
</testsuite> <!-- post_initial_extract_test -->
